 6 07:57:02 tmeyer kernel: [    0.956429] x86/mm: Checked W+X mappings: passed, no W+X pages found.
Dec  6 07:57:02 tmeyer kernel: [    0.956633] Run /sbin/init as init process
Dec  6 07:57:02 tmeyer kernel: [    0.956635]   with arguments:
Dec  6 07:57:02 tmeyer kernel: [    0.956635]     /sbin/init
Dec  6 07:57:02 tmeyer kernel: [    0.956636]   with environment:
Dec  6 07:57:02 tmeyer kernel: [    0.956636]     HOME=/
Dec  6 07:57:02 tmeyer kernel: [    0.956637]     TERM=linux
Dec  6 07:57:02 tmeyer kernel: [    0.956637]     BOOT_IMAGE=/vmlinuz-next-6.1-rc8-lfs-11.0
Dec  6 07:57:02 tmeyer kernel: [    1.162467] usb 2-1: New USB device found, idVendor=80ee, idProduct=0021, bcdDevice= 1.00
Dec  6 07:57:02 tmeyer kernel: [    1.162471] usb 2-1: New USB device strings: Mfr=1, Product=3, SerialNumber=0
Dec  6 07:57:02 tmeyer kernel: [    1.162472] usb 2-1: Product: USB Tablet
Dec  6 07:57:02 tmeyer kernel: [    1.162473] usb 2-1: Manufacturer: VirtualBox
Dec  6 07:57:02 tmeyer kernel: [    1.174505] input: VirtualBox USB Tablet as /devices/pci0000:00/0000:00:06.0/usb2/2-1/2-1:1.0/0003:80EE:0021.0001/input/input6
Dec  6 07:57:02 tmeyer kernel: [    1.174529] hid-generic 0003:80EE:0021.0001: input,hidraw0: USB HID v1.10 Mouse [VirtualBox USB Tablet] on usb-0000:00:06.0-1/input0
Dec  6 07:57:02 tmeyer kernel: [    1.906030] stty (78) used greatest stack depth: 13680 bytes left
Dec  6 07:57:02 tmeyer kernel: [    2.045174] dmesg (79) used greatest stack depth: 13496 bytes left
Dec  6 07:57:02 tmeyer kernel: [    2.583548] S00mountvirtfs (82) used greatest stack depth: 13392 bytes left
Dec  6 07:57:02 tmeyer kernel: [    2.851029] ip (130) used greatest stack depth: 13080 bytes left
Dec  6 07:57:02 tmeyer kernel: <30>[    3.031895] udevd[155]: starting version 3.2.10
Dec  6 07:57:02 tmeyer kernel: <30>[    3.369737] udevd[156]: starting eudev-3.2.10
Dec  6 07:57:02 tmeyer kernel: [    3.463475] e1000 0000:00:03.0 enp0s3: renamed from eth0
Dec  6 07:57:02 tmeyer kernel: [    4.309261] Adding 2097148k swap on /dev/sda6.  Priority:1 extents:1 across:2097148k 
Dec  6 07:57:02 tmeyer kernel: [    4.326801] EXT4-fs (sda7): re-mounted. Quota mode: none.
Dec  6 07:57:02 tmeyer kernel: [    4.519555] EXT4-fs (sda7): re-mounted. Quota mode: none.
Dec  6 07:57:02 tmeyer kernel: [    4.610028] EXT4-fs (sda1): mounted filesystem with ordered data mode. Quota mode: none.
Dec  6 07:57:02 tmeyer kernel: [    4.610248] ext4 filesystem being mounted at /boot supports timestamps until 2038 (0x7fffffff)
Dec  6 07:57:02 tmeyer kernel: [    6.208316] e1000: enp0s3 NIC Link is Up 1000 Mbps Full Duplex, Flow Control: RX
Dec  6 07:57:02 tmeyer kernel: [    6.208727] IPv6: ADDRCONF(NETDEV_CHANGE): enp0s3: link becomes ready

