Oct 20 20:34:02 +02:00 (none)  Mounting virtual file systems: /run /proc /sys OK
Oct 20 20:34:02 +02:00 (none)  Bringing up the loopback interface... OK
Oct 20 20:34:02 +02:00 (none)  Setting hostname to tmeyer... OK
Oct 20 20:34:02 +02:00 tmeyer  Populating /dev with device nodes...  OK
Oct 20 18:34:05 +02:00 tmeyer  Activating all swap files/partitions... OK
Oct 20 18:34:05 +02:00 tmeyer  Mounting root file system in read-only mode...  OK
Oct 20 18:34:05 +02:00 tmeyer  Checking file systems... OK
Oct 20 18:34:05 +02:00 tmeyer  Remounting root file system in read-write mode... OK
Oct 20 18:34:05 +02:00 tmeyer  Mounting remaining file systems... OK
Oct 20 18:34:05 +02:00 tmeyer  Cleaning file systems: /tmp OK
Oct 20 18:34:05 +02:00 tmeyer  Retrying failed uevents, if any... OK
Oct 20 18:34:06 +02:00 tmeyer  Starting system log daemon... OK
Oct 20 18:34:06 +02:00 tmeyer  Starting kernel log daemon... OK
--------
Oct 20 20:39:23 +02:00 (none)  Mounting virtual file systems: /run /proc /sys OK
Oct 20 20:39:23 +02:00 (none)  Bringing up the loopback interface... OK
Oct 20 20:39:23 +02:00 (none)  Setting hostname to tmeyer... OK
Oct 20 20:39:23 +02:00 tmeyer  Populating /dev with device nodes...  OK
Oct 20 18:39:24 +02:00 tmeyer  Activating all swap files/partitions... OK
Oct 20 18:39:24 +02:00 tmeyer  Mounting root file system in read-only mode...  OK
Oct 20 18:39:24 +02:00 tmeyer  Checking file systems... OK
Oct 20 18:39:24 +02:00 tmeyer  Remounting root file system in read-write mode... OK
Oct 20 18:39:24 +02:00 tmeyer  Mounting remaining file systems... OK
Oct 20 18:39:24 +02:00 tmeyer  Cleaning file systems: /tmp OK
Oct 20 18:39:24 +02:00 tmeyer  Retrying failed uevents, if any... OK
Oct 20 18:39:25 +02:00 tmeyer  Starting system log daemon... OK
Oct 20 18:39:25 +02:00 tmeyer  Starting kernel log daemon... OK
--------
Oct 20 23:00:33 +02:00 (none)  Mounting virtual file systems: /run /proc /sys OK
Oct 20 23:00:33 +02:00 (none)  Bringing up the loopback interface... OK
Oct 20 23:00:33 +02:00 (none)  Setting hostname to tmeyer... OK
Oct 20 23:00:33 +02:00 tmeyer  Populating /dev with device nodes...  OK
Oct 20 21:00:35 +02:00 tmeyer  Activating all swap files/partitions... OK
Oct 20 21:00:35 +02:00 tmeyer  Mounting root file system in read-only mode...  OK
Oct 20 21:00:35 +02:00 tmeyer  Checking file systems... OK
Oct 20 21:00:35 +02:00 tmeyer  Remounting root file system in read-write mode... OK
Oct 20 21:00:35 +02:00 tmeyer  Mounting remaining file systems... OK
Oct 20 21:00:35 +02:00 tmeyer  Cleaning file systems: /tmp OK
Oct 20 21:00:35 +02:00 tmeyer  Retrying failed uevents, if any... OK
Oct 20 21:00:36 +02:00 tmeyer  Starting system log daemon... OK
Oct 20 21:00:36 +02:00 tmeyer  Starting kernel log daemon... OK
Oct 20 21:00:36 +02:00 tmeyer  Bringing up the eth0 interface...Oct 20 21:00:36 +02:00 tmeyer  Interface eth0 doesn't exist. FAIL
--------
Oct 20 23:06:20 +02:00 (none)  Mounting virtual file systems: /run /proc /sys OK
Oct 20 23:06:20 +02:00 (none)  Bringing up the loopback interface... OK
Oct 20 23:06:20 +02:00 (none)  Setting hostname to tmeyer... OK
Oct 20 23:06:20 +02:00 tmeyer  Populating /dev with device nodes...  OK
Oct 20 21:06:22 +02:00 tmeyer  Activating all swap files/partitions... OK
Oct 20 21:06:22 +02:00 tmeyer  Mounting root file system in read-only mode...  OK
Oct 20 21:06:22 +02:00 tmeyer  Checking file systems... OK
Oct 20 21:06:22 +02:00 tmeyer  Remounting root file system in read-write mode... OK
Oct 20 21:06:22 +02:00 tmeyer  Mounting remaining file systems... OK
Oct 20 21:06:22 +02:00 tmeyer  Cleaning file systems: /tmp OK
Oct 20 21:06:22 +02:00 tmeyer  Retrying failed uevents, if any... OK
Oct 20 21:06:23 +02:00 tmeyer  Starting system log daemon... OK
Oct 20 21:06:23 +02:00 tmeyer  Starting kernel log daemon... OK
Oct 20 21:06:23 +02:00 tmeyer  Bringing up the enp0s3 interface... OK
Oct 20 21:06:23 +02:00 tmeyer  Starting dhcpcd on the enp0s3 interface... OK
--------
Oct 20 23:16:03 +02:00 (none)  Mounting virtual file systems: /run /proc /sys OK
Oct 20 23:16:03 +02:00 (none)  Bringing up the loopback interface... OK
Oct 20 23:16:03 +02:00 (none)  Setting hostname to tmeyer... OK
Oct 20 23:16:03 +02:00 tmeyer  Populating /dev with device nodes...  OK
Oct 20 21:16:05 +02:00 tmeyer  Activating all swap files/partitions... OK
Oct 20 21:16:05 +02:00 tmeyer  Mounting root file system in read-only mode...  OK
Oct 20 21:16:05 +02:00 tmeyer  Checking file systems... OK
Oct 20 21:16:05 +02:00 tmeyer  Remounting root file system in read-write mode... OK
Oct 20 21:16:05 +02:00 tmeyer  Mounting remaining file systems... OK
Oct 20 21:16:05 +02:00 tmeyer  Cleaning file systems: /tmp OK
Oct 20 21:16:05 +02:00 tmeyer  Retrying failed uevents, if any... OK
Oct 20 21:16:06 +02:00 tmeyer  Starting system log daemon... OK
Oct 20 21:16:06 +02:00 tmeyer  Starting kernel log daemon... OK
Oct 20 21:16:06 +02:00 tmeyer  Bringing up the enp0s3 interface... OK
Oct 20 21:16:06 +02:00 tmeyer  Starting dhcpcd on the enp0s3 interface... OK
--------
Oct 20 23:43:57 +02:00 (none)  Mounting virtual file systems: /run /proc /sys OK
Oct 20 23:43:57 +02:00 (none)  Bringing up the loopback interface... OK
Oct 20 23:43:57 +02:00 (none)  Setting hostname to tmeyer... OK
Oct 20 23:43:57 +02:00 tmeyer  Populating /dev with device nodes...  OK
Oct 20 21:43:58 +02:00 tmeyer  Activating all swap files/partitions... OK
Oct 20 21:43:58 +02:00 tmeyer  Mounting root file system in read-only mode...  OK
Oct 20 21:43:58 +02:00 tmeyer  Checking file systems... OK
Oct 20 21:43:58 +02:00 tmeyer  Remounting root file system in read-write mode... OK
Oct 20 21:43:58 +02:00 tmeyer  Mounting remaining file systems... OK
Oct 20 21:43:58 +02:00 tmeyer  Cleaning file systems: /tmp OK
Oct 20 21:43:58 +02:00 tmeyer  Retrying failed uevents, if any... OK
Oct 20 21:43:59 +02:00 tmeyer  Starting system log daemon... OK
Oct 20 21:43:59 +02:00 tmeyer  Starting kernel log daemon... OK
Oct 20 21:43:59 +02:00 tmeyer  Bringing up the enp0s3 interface... OK
Oct 20 21:43:59 +02:00 tmeyer  Starting dhcpcd on the enp0s3 interface... OK
Oct 20 21:43:59 +02:00 tmeyer  Starting SSH Server... OK
--------
Oct 24 11:43:16 +02:00 (none)  Mounting virtual file systems: /run /proc /sys OK
Oct 24 11:43:16 +02:00 (none)  Bringing up the loopback interface... OK
Oct 24 11:43:16 +02:00 (none)  Setting hostname to tmeyer... OK
Oct 24 11:43:16 +02:00 tmeyer  Populating /dev with device nodes...  OK
Oct 24 09:43:18 +02:00 tmeyer  Activating all swap files/partitions... OK
Oct 24 09:43:18 +02:00 tmeyer  Mounting root file system in read-only mode...  OK
Oct 24 09:43:18 +02:00 tmeyer  Checking file systems... OK
Oct 24 09:43:18 +02:00 tmeyer  Remounting root file system in read-write mode... OK
Oct 24 09:43:18 +02:00 tmeyer  Mounting remaining file systems... OK
Oct 24 09:43:18 +02:00 tmeyer  Cleaning file systems: /tmp OK
Oct 24 09:43:18 +02:00 tmeyer  Retrying failed uevents, if any... OK
Oct 24 09:43:19 +02:00 tmeyer  Starting system log daemon... OK
Oct 24 09:43:19 +02:00 tmeyer  Starting kernel log daemon... OK
Oct 24 09:43:19 +02:00 tmeyer  Bringing up the enp0s3 interface... OK
Oct 24 09:43:19 +02:00 tmeyer  Starting dhcpcd on the enp0s3 interface... OK
Oct 24 09:43:19 +02:00 tmeyer  Starting SSH Server... OK
--------
Oct 24 11:47:29 +02:00 (none)  Mounting virtual file systems: /run /proc /sys OK
Oct 24 11:47:29 +02:00 (none)  Bringing up the loopback interface... OK
Oct 24 11:47:29 +02:00 (none)  Setting hostname to tmeyer... OK
Oct 24 11:47:29 +02:00 tmeyer  Populating /dev with device nodes...  OK
Oct 24 09:47:30 +02:00 tmeyer  Activating all swap files/partitions... OK
Oct 24 09:47:30 +02:00 tmeyer  Mounting root file system in read-only mode...  OK
Oct 24 09:47:30 +02:00 tmeyer  Checking file systems... OK
Oct 24 09:47:30 +02:00 tmeyer  Remounting root file system in read-write mode... OK
Oct 24 09:47:30 +02:00 tmeyer  Mounting remaining file systems... OK
Oct 24 09:47:30 +02:00 tmeyer  Cleaning file systems: /tmp OK
Oct 24 09:47:30 +02:00 tmeyer  Retrying failed uevents, if any... OK
Oct 24 09:47:31 +02:00 tmeyer  Starting system log daemon... OK
Oct 24 09:47:31 +02:00 tmeyer  Starting kernel log daemon... OK
Oct 24 09:47:31 +02:00 tmeyer  Bringing up the enp0s3 interface... OK
Oct 24 09:47:31 +02:00 tmeyer  Starting dhcpcd on the enp0s3 interface... OK
Oct 24 09:47:31 +02:00 tmeyer  Starting SSH Server... OK
--------
Oct 25 11:27:42 +02:00 (none)  Mounting virtual file systems: /run /proc /sys OK
Oct 25 11:27:43 +02:00 (none)  Bringing up the loopback interface... OK
Oct 25 11:27:43 +02:00 (none)  Setting hostname to tmeyer... OK
Oct 25 11:27:43 +02:00 tmeyer  Populating /dev with device nodes...  OK
Oct 25 09:27:46 +02:00 tmeyer  Activating all swap files/partitions... OK
Oct 25 09:27:46 +02:00 tmeyer  Mounting root file system in read-only mode...  OK
Oct 25 09:27:46 +02:00 tmeyer  Checking file systems... OK
Oct 25 09:27:46 +02:00 tmeyer  Remounting root file system in read-write mode... OK
Oct 25 09:27:46 +02:00 tmeyer  Mounting remaining file systems... OK
Oct 25 09:27:46 +02:00 tmeyer  Cleaning file systems: /tmp OK
Oct 25 09:27:46 +02:00 tmeyer  Retrying failed uevents, if any... OK
Oct 25 09:27:47 +02:00 tmeyer  Starting system log daemon... OK
Oct 25 09:27:47 +02:00 tmeyer  Starting kernel log daemon... OK
Oct 25 09:27:47 +02:00 tmeyer  Bringing up the enp0s3 interface... OK
Oct 25 09:27:47 +02:00 tmeyer  Starting dhcpcd on the enp0s3 interface... OK
Oct 25 09:27:47 +02:00 tmeyer  Starting SSH Server... OK
--------
Oct 25 11:40:29 +02:00 (none)  Mounting virtual file systems: /run /proc /sys OK
Oct 25 11:40:29 +02:00 (none)  Bringing up the loopback interface... OK
Oct 25 11:40:29 +02:00 (none)  Setting hostname to tmeyer... OK
Oct 25 11:40:29 +02:00 tmeyer  Populating /dev with device nodes...  OK
Oct 25 09:40:32 +02:00 tmeyer  Activating all swap files/partitions... OK
Oct 25 09:40:32 +02:00 tmeyer  Mounting root file system in read-only mode...  OK
Oct 25 09:40:32 +02:00 tmeyer  Checking file systems... OK
Oct 25 09:40:32 +02:00 tmeyer  Remounting root file system in read-write mode... OK
Oct 25 09:40:32 +02:00 tmeyer  Mounting remaining file systems... OK
Oct 25 09:40:32 +02:00 tmeyer  Cleaning file systems: /tmp OK
Oct 25 09:40:32 +02:00 tmeyer  Retrying failed uevents, if any... OK
Oct 25 09:40:33 +02:00 tmeyer  Starting system log daemon... OK
Oct 25 09:40:33 +02:00 tmeyer  Starting kernel log daemon... OK
Oct 25 09:40:33 +02:00 tmeyer  Bringing up the enp0s3 interface... OK
Oct 25 09:40:33 +02:00 tmeyer  Starting dhcpcd on the enp0s3 interface... OK
Oct 25 09:40:33 +02:00 tmeyer  Starting SSH Server... OK
--------
Nov 02 09:59:53 +01:00 (none)  Mounting virtual file systems: /run /proc /sys OK
Nov 02 09:59:53 +01:00 (none)  Bringing up the loopback interface... OK
Nov 02 09:59:54 +01:00 (none)  Setting hostname to tmeyer... OK
Nov 02 09:59:54 +01:00 tmeyer  Populating /dev with device nodes...  OK
Nov 02 08:59:57 +01:00 tmeyer  Activating all swap files/partitions... OK
Nov 02 08:59:57 +01:00 tmeyer  Mounting root file system in read-only mode...  OK
Nov 02 08:59:57 +01:00 tmeyer  Checking file systems... OK
Nov 02 08:59:57 +01:00 tmeyer  Remounting root file system in read-write mode... OK
Nov 02 08:59:57 +01:00 tmeyer  Mounting remaining file systems... OK
Nov 02 08:59:57 +01:00 tmeyer  Cleaning file systems: /tmp OK
Nov 02 08:59:58 +01:00 tmeyer  Retrying failed uevents, if any... OK
Nov 02 08:59:59 +01:00 tmeyer  Starting system log daemon... OK
Nov 02 08:59:59 +01:00 tmeyer  Starting kernel log daemon... OK
Nov 02 09:00:00 +01:00 tmeyer  Bringing up the enp0s3 interface... OK
Nov 02 09:00:00 +01:00 tmeyer  Starting dhcpcd on the enp0s3 interface... OK
Nov 02 09:00:00 +01:00 tmeyer  Starting SSH Server... OK
--------
Nov 02 11:22:17 +01:00 (none)  Mounting virtual file systems: /run /proc /sys OK
Nov 02 11:22:18 +01:00 (none)  Bringing up the loopback interface... OK
Nov 02 11:22:18 +01:00 (none)  Setting hostname to tmeyer... OK
Nov 02 11:22:18 +01:00 tmeyer  Populating /dev with device nodes...  OK
Nov 02 10:22:24 +01:00 tmeyer  Activating all swap files/partitions... OK
Nov 02 10:22:24 +01:00 tmeyer  Mounting root file system in read-only mode...  OK
Nov 02 10:22:24 +01:00 tmeyer  Checking file systems... OK
Nov 02 10:22:25 +01:00 tmeyer  Remounting root file system in read-write mode... OK
Nov 02 10:22:25 +01:00 tmeyer  Mounting remaining file systems... OK
Nov 02 10:22:25 +01:00 tmeyer  Cleaning file systems: /tmp OK
Nov 02 10:22:26 +01:00 tmeyer  Retrying failed uevents, if any... OK
Nov 02 10:22:27 +01:00 tmeyer  Starting system log daemon... OK
Nov 02 10:22:27 +01:00 tmeyer  Starting kernel log daemon... OK
Nov 02 10:22:28 +01:00 tmeyer  Bringing up the enp0s3 interface... OK
Nov 02 10:22:29 +01:00 tmeyer  Starting dhcpcd on the enp0s3 interface... OK
Nov 02 10:22:29 +01:00 tmeyer  Starting SSH Server... OK
--------
Nov 02 11:30:17 +01:00 (none)  Mounting virtual file systems: /run /proc /sys OK
Nov 02 11:30:18 +01:00 (none)  Bringing up the loopback interface... OK
Nov 02 11:30:18 +01:00 (none)  Setting hostname to tmeyer... OK
Nov 02 11:30:18 +01:00 tmeyer  Populating /dev with device nodes...  OK
Nov 02 10:30:08 +01:00 tmeyer  Activating all swap files/partitions... OK
Nov 02 10:30:08 +01:00 tmeyer  Mounting root file system in read-only mode...  OK
Nov 02 10:30:08 +01:00 tmeyer  Checking file systems... OK
Nov 02 10:30:09 +01:00 tmeyer  Remounting root file system in read-write mode... OK
Nov 02 10:30:09 +01:00 tmeyer  Mounting remaining file systems... OK
Nov 02 10:30:10 +01:00 tmeyer  Cleaning file systems: /tmp OK
Nov 02 10:30:10 +01:00 tmeyer  Retrying failed uevents, if any... OK
Nov 02 10:30:11 +01:00 tmeyer  Starting system log daemon... OK
Nov 02 10:30:12 +01:00 tmeyer  Starting kernel log daemon... OK
Nov 02 10:30:12 +01:00 tmeyer  Bringing up the enp0s3 interface... OK
Nov 02 10:30:12 +01:00 tmeyer  Starting dhcpcd on the enp0s3 interface... OK
Nov 02 10:30:13 +01:00 tmeyer  Starting SSH Server... OK
--------
